[2026-03-26 15:27:20] Starting auto-update...
Fetching usage data from ccusage...
Saved 47 days of usage data.
Generating 14-day line chart...
Generating cost matrix...
Generating tokens matrix...
Done! README.md and SVGs updated.
[2026-03-26 15:27:33] monitor.py completed successfully
[2026-03-26 15:27:34] Pushed to GitHub successfully
[2026-03-26 15:37:35] Starting auto-update...
Fetching usage data from ccusage...
Saved 47 days of usage data.
Generating 14-day line chart...
Generating cost matrix...
Generating tokens matrix...
Done! README.md and SVGs updated.
[2026-03-26 15:37:49] monitor.py completed successfully
[2026-03-26 15:37:50] Pushed to GitHub successfully
[2026-03-26 15:47:50] Starting auto-update...
Fetching usage data from ccusage...
Saved 47 days of usage data.
Generating 14-day line chart...
Generating cost matrix...
Generating tokens matrix...
Done! README.md and SVGs updated.
[2026-03-26 15:48:03] monitor.py completed successfully
[2026-03-26 15:48:04] Pushed to GitHub successfully
[2026-03-26 15:58:04] Starting auto-update...
Fetching usage data from ccusage...
Saved 47 days of usage data.
Generating 14-day line chart...
Generating cost matrix...
Generating tokens matrix...
Done! README.md and SVGs updated.
[2026-03-26 15:58:18] monitor.py completed successfully
[2026-03-26 15:58:19] Pushed to GitHub successfully
[2026-03-26 16:08:19] Starting auto-update...
Fetching usage data from ccusage...
Saved 47 days of usage data.
Generating 14-day line chart...
Generating cost matrix...
Generating tokens matrix...
Done! README.md and SVGs updated.
[2026-03-26 16:08:33] monitor.py completed successfully
[2026-03-26 16:08:34] Pushed to GitHub successfully
[2026-03-26 16:18:34] Starting auto-update...
Fetching usage data from ccusage...
Saved 47 days of usage data.
Generating 14-day line chart...
Generating cost matrix...
Generating tokens matrix...
Done! README.md and SVGs updated.
[2026-03-26 16:18:48] monitor.py completed successfully
[2026-03-26 16:18:49] Pushed to GitHub successfully
[2026-03-26 16:28:49] Starting auto-update...
Fetching usage data from ccusage...
Saved 47 days of usage data.
Generating 14-day line chart...
Generating cost matrix...
Generating tokens matrix...
Done! README.md and SVGs updated.
[2026-03-26 16:29:02] monitor.py completed successfully
[2026-03-26 16:29:03] Pushed to GitHub successfully
[2026-03-26 16:39:03] Starting auto-update...
Fetching usage data from ccusage...
Saved 47 days of usage data.
Generating 14-day line chart...
Generating cost matrix...
Generating tokens matrix...
Done! README.md and SVGs updated.
[2026-03-26 16:39:17] monitor.py completed successfully
[2026-03-26 16:39:17] No changes detected, skipping commit
[2026-03-26 16:49:17] Starting auto-update...
Fetching usage data from ccusage...
Saved 47 days of usage data.
Generating 14-day line chart...
Generating cost matrix...
Generating tokens matrix...
Done! README.md and SVGs updated.
[2026-03-26 16:49:31] monitor.py completed successfully
[2026-03-26 16:49:32] Pushed to GitHub successfully
[2026-03-26 16:59:32] Starting auto-update...
Fetching usage data from ccusage...
Saved 47 days of usage data.
Generating 14-day line chart...
Generating cost matrix...
Generating tokens matrix...
Done! README.md and SVGs updated.
[2026-03-26 16:59:46] monitor.py completed successfully
[2026-03-26 16:59:47] Pushed to GitHub successfully
[2026-03-26 17:09:47] Starting auto-update...
Fetching usage data from ccusage...
Saved 47 days of usage data.
Generating 14-day line chart...
Generating cost matrix...
Generating tokens matrix...
Done! README.md and SVGs updated.
[2026-03-26 17:10:00] monitor.py completed successfully
[2026-03-26 17:10:01] Pushed to GitHub successfully
[2026-03-26 17:20:01] Starting auto-update...
Fetching usage data from ccusage...
Saved 47 days of usage data.
Generating 14-day line chart...
Generating cost matrix...
Generating tokens matrix...
Done! README.md and SVGs updated.
[2026-03-26 17:20:15] monitor.py completed successfully
[2026-03-26 17:20:15] No changes detected, skipping commit
[2026-03-26 17:30:15] Starting auto-update...
Fetching usage data from ccusage...
Saved 47 days of usage data.
Generating 14-day line chart...
Generating cost matrix...
Generating tokens matrix...
Done! README.md and SVGs updated.
[2026-03-26 17:30:29] monitor.py completed successfully
[2026-03-26 17:30:29] No changes detected, skipping commit
[2026-03-26 17:40:29] Starting auto-update...
Fetching usage data from ccusage...
Saved 47 days of usage data.
Generating 14-day line chart...
Generating cost matrix...
Generating tokens matrix...
Done! README.md and SVGs updated.
[2026-03-26 17:40:42] monitor.py completed successfully
[2026-03-26 17:40:42] No changes detected, skipping commit
[2026-03-26 17:50:42] Starting auto-update...
Fetching usage data from ccusage...
Saved 47 days of usage data.
Generating 14-day line chart...
Generating cost matrix...
Generating tokens matrix...
Done! README.md and SVGs updated.
[2026-03-26 17:50:56] monitor.py completed successfully
[2026-03-26 17:50:57] Pushed to GitHub successfully
[2026-03-26 18:00:57] Starting auto-update...
Fetching usage data from ccusage...
Saved 47 days of usage data.
Generating 14-day line chart...
Generating cost matrix...
Generating tokens matrix...
Done! README.md and SVGs updated.
[2026-03-26 18:01:11] monitor.py completed successfully
[2026-03-26 18:01:11] No changes detected, skipping commit
[2026-03-26 18:11:11] Starting auto-update...
Fetching usage data from ccusage...
Saved 47 days of usage data.
Generating 14-day line chart...
Generating cost matrix...
Generating tokens matrix...
Done! README.md and SVGs updated.
[2026-03-26 18:11:24] monitor.py completed successfully
[2026-03-26 18:11:25] Pushed to GitHub successfully
[2026-03-26 18:21:25] Starting auto-update...
Fetching usage data from ccusage...
Saved 47 days of usage data.
Generating 14-day line chart...
Generating cost matrix...
Generating tokens matrix...
Done! README.md and SVGs updated.
[2026-03-26 18:21:39] monitor.py completed successfully
[2026-03-26 18:21:39] No changes detected, skipping commit
[2026-03-26 18:31:39] Starting auto-update...
Fetching usage data from ccusage...
Saved 47 days of usage data.
Generating 14-day line chart...
Generating cost matrix...
Generating tokens matrix...
Done! README.md and SVGs updated.
[2026-03-26 18:31:53] monitor.py completed successfully
[2026-03-26 18:31:53] No changes detected, skipping commit
[2026-03-26 18:41:53] Starting auto-update...
Fetching usage data from ccusage...
Saved 47 days of usage data.
Generating 14-day line chart...
Generating cost matrix...
Generating tokens matrix...
Done! README.md and SVGs updated.
[2026-03-26 18:42:07] monitor.py completed successfully
[2026-03-26 18:42:07] Pushed to GitHub successfully
[2026-03-26 18:52:07] Starting auto-update...
Fetching usage data from ccusage...
Saved 47 days of usage data.
Generating 14-day line chart...
Generating cost matrix...
Generating tokens matrix...
Done! README.md and SVGs updated.
[2026-03-26 18:52:21] monitor.py completed successfully
[2026-03-26 18:52:22] Pushed to GitHub successfully
[2026-03-26 19:02:22] Starting auto-update...
Fetching usage data from ccusage...
Saved 47 days of usage data.
Generating 14-day line chart...
Generating cost matrix...
Generating tokens matrix...
Done! README.md and SVGs updated.
[2026-03-26 19:02:36] monitor.py completed successfully
[2026-03-26 19:02:36] No changes detected, skipping commit
[2026-03-26 19:12:36] Starting auto-update...
Fetching usage data from ccusage...
Saved 47 days of usage data.
Generating 14-day line chart...
Generating cost matrix...
Generating tokens matrix...
Done! README.md and SVGs updated.
[2026-03-26 19:12:50] monitor.py completed successfully
[2026-03-26 19:12:50] No changes detected, skipping commit
[2026-03-26 19:22:51] Starting auto-update...
Fetching usage data from ccusage...
Saved 47 days of usage data.
Generating 14-day line chart...
Generating cost matrix...
Generating tokens matrix...
Done! README.md and SVGs updated.
[2026-03-26 19:23:05] monitor.py completed successfully
[2026-03-26 19:23:05] No changes detected, skipping commit
[2026-03-26 19:33:05] Starting auto-update...
Fetching usage data from ccusage...
Saved 47 days of usage data.
Generating 14-day line chart...
Generating cost matrix...
Generating tokens matrix...
Done! README.md and SVGs updated.
[2026-03-26 19:33:19] monitor.py completed successfully
[2026-03-26 19:33:19] No changes detected, skipping commit
[2026-03-26 19:43:19] Starting auto-update...
Fetching usage data from ccusage...
Saved 47 days of usage data.
Generating 14-day line chart...
Generating cost matrix...
Generating tokens matrix...
Done! README.md and SVGs updated.
[2026-03-26 19:43:33] monitor.py completed successfully
[2026-03-26 19:43:33] No changes detected, skipping commit
[2026-03-26 19:53:33] Starting auto-update...
Fetching usage data from ccusage...
Saved 47 days of usage data.
Generating 14-day line chart...
Generating cost matrix...
Generating tokens matrix...
Done! README.md and SVGs updated.
[2026-03-26 19:53:46] monitor.py completed successfully
[2026-03-26 19:53:46] No changes detected, skipping commit
[2026-03-26 20:03:46] Starting auto-update...
Fetching usage data from ccusage...
Saved 47 days of usage data.
Generating 14-day line chart...
Generating cost matrix...
Generating tokens matrix...
Done! README.md and SVGs updated.
[2026-03-26 20:04:00] monitor.py completed successfully
[2026-03-26 20:04:01] Pushed to GitHub successfully
[2026-03-26 20:14:01] Starting auto-update...
Fetching usage data from ccusage...
Saved 47 days of usage data.
Generating 14-day line chart...
Generating cost matrix...
Generating tokens matrix...
Done! README.md and SVGs updated.
[2026-03-26 20:14:15] monitor.py completed successfully
[2026-03-26 20:14:16] Pushed to GitHub successfully
[2026-03-26 20:24:16] Starting auto-update...
Fetching usage data from ccusage...
Saved 47 days of usage data.
Generating 14-day line chart...
Generating cost matrix...
Generating tokens matrix...
Done! README.md and SVGs updated.
[2026-03-26 20:24:29] monitor.py completed successfully
[2026-03-26 20:24:30] Pushed to GitHub successfully
[2026-03-26 20:34:30] Starting auto-update...
Fetching usage data from ccusage...
Saved 47 days of usage data.
Generating 14-day line chart...
Generating cost matrix...
Generating tokens matrix...
Done! README.md and SVGs updated.
[2026-03-26 20:34:43] monitor.py completed successfully
[2026-03-26 20:34:44] Pushed to GitHub successfully
[2026-03-26 20:44:44] Starting auto-update...
Fetching usage data from ccusage...
Saved 47 days of usage data.
Generating 14-day line chart...
Generating cost matrix...
Generating tokens matrix...
Done! README.md and SVGs updated.
[2026-03-26 20:44:57] monitor.py completed successfully
[2026-03-26 20:44:58] Pushed to GitHub successfully
[2026-03-26 20:54:58] Starting auto-update...
Fetching usage data from ccusage...
Saved 47 days of usage data.
Generating 14-day line chart...
Generating cost matrix...
Generating tokens matrix...
Done! README.md and SVGs updated.
[2026-03-26 20:55:11] monitor.py completed successfully
[2026-03-26 20:55:11] No changes detected, skipping commit
[2026-03-26 21:05:11] Starting auto-update...
Fetching usage data from ccusage...
Saved 47 days of usage data.
Generating 14-day line chart...
Generating cost matrix...
Generating tokens matrix...
Done! README.md and SVGs updated.
[2026-03-26 21:05:25] monitor.py completed successfully
[2026-03-26 21:05:25] No changes detected, skipping commit
[2026-03-26 21:15:25] Starting auto-update...
Fetching usage data from ccusage...
Saved 47 days of usage data.
Generating 14-day line chart...
Generating cost matrix...
Generating tokens matrix...
Done! README.md and SVGs updated.
[2026-03-26 21:15:38] monitor.py completed successfully
[2026-03-26 21:15:38] No changes detected, skipping commit
[2026-03-26 21:25:38] Starting auto-update...
Fetching usage data from ccusage...
Saved 47 days of usage data.
Generating 14-day line chart...
Generating cost matrix...
Generating tokens matrix...
Done! README.md and SVGs updated.
[2026-03-26 21:25:51] monitor.py completed successfully
[2026-03-26 21:25:51] No changes detected, skipping commit
[2026-03-26 21:35:51] Starting auto-update...
Fetching usage data from ccusage...
Saved 47 days of usage data.
Generating 14-day line chart...
Generating cost matrix...
Generating tokens matrix...
Done! README.md and SVGs updated.
[2026-03-26 21:36:04] monitor.py completed successfully
[2026-03-26 21:36:04] No changes detected, skipping commit
[2026-03-26 21:46:04] Starting auto-update...
Fetching usage data from ccusage...
Saved 47 days of usage data.
Generating 14-day line chart...
Generating cost matrix...
Generating tokens matrix...
Done! README.md and SVGs updated.
[2026-03-26 21:46:17] monitor.py completed successfully
[2026-03-26 21:46:17] No changes detected, skipping commit
[2026-03-26 21:56:17] Starting auto-update...
Fetching usage data from ccusage...
Saved 47 days of usage data.
Generating 14-day line chart...
Generating cost matrix...
Generating tokens matrix...
Done! README.md and SVGs updated.
[2026-03-26 21:56:30] monitor.py completed successfully
[2026-03-26 21:56:30] No changes detected, skipping commit
[2026-03-26 22:06:30] Starting auto-update...
Fetching usage data from ccusage...
Saved 47 days of usage data.
Generating 14-day line chart...
Generating cost matrix...
Generating tokens matrix...
Done! README.md and SVGs updated.
[2026-03-26 22:06:44] monitor.py completed successfully
[2026-03-26 22:06:44] No changes detected, skipping commit
[2026-03-26 22:16:44] Starting auto-update...
Fetching usage data from ccusage...
Saved 47 days of usage data.
Generating 14-day line chart...
Generating cost matrix...
Generating tokens matrix...
Done! README.md and SVGs updated.
[2026-03-26 22:16:57] monitor.py completed successfully
[2026-03-26 22:16:57] No changes detected, skipping commit
[2026-03-26 22:26:57] Starting auto-update...
Fetching usage data from ccusage...
Saved 47 days of usage data.
Generating 14-day line chart...
Generating cost matrix...
Generating tokens matrix...
Done! README.md and SVGs updated.
[2026-03-26 22:27:10] monitor.py completed successfully
[2026-03-26 22:27:11] Pushed to GitHub successfully
[2026-03-26 22:37:11] Starting auto-update...
Fetching usage data from ccusage...
Saved 47 days of usage data.
Generating 14-day line chart...
Generating cost matrix...
Generating tokens matrix...
Done! README.md and SVGs updated.
[2026-03-26 22:37:25] monitor.py completed successfully
[2026-03-26 22:37:26] Pushed to GitHub successfully
[2026-03-26 22:47:26] Starting auto-update...
Fetching usage data from ccusage...
Saved 47 days of usage data.
Generating 14-day line chart...
Generating cost matrix...
Generating tokens matrix...
Done! README.md and SVGs updated.
[2026-03-26 22:47:39] monitor.py completed successfully
[2026-03-26 22:47:40] Pushed to GitHub successfully
[2026-03-26 22:57:40] Starting auto-update...
Fetching usage data from ccusage...
Saved 47 days of usage data.
Generating 14-day line chart...
Generating cost matrix...
Generating tokens matrix...
Done! README.md and SVGs updated.
[2026-03-26 22:57:53] monitor.py completed successfully
[2026-03-26 22:57:54] Pushed to GitHub successfully
[2026-03-26 23:07:54] Starting auto-update...
Fetching usage data from ccusage...
Saved 47 days of usage data.
Generating 14-day line chart...
Generating cost matrix...
Generating tokens matrix...
Done! README.md and SVGs updated.
[2026-03-26 23:08:07] monitor.py completed successfully
[2026-03-26 23:08:07] No changes detected, skipping commit
[2026-03-26 23:18:07] Starting auto-update...
Fetching usage data from ccusage...
Saved 47 days of usage data.
Generating 14-day line chart...
Generating cost matrix...
Generating tokens matrix...
Done! README.md and SVGs updated.
[2026-03-26 23:18:20] monitor.py completed successfully
[2026-03-26 23:18:20] No changes detected, skipping commit
[2026-03-26 23:28:20] Starting auto-update...
Fetching usage data from ccusage...
Saved 47 days of usage data.
Generating 14-day line chart...
Generating cost matrix...
Generating tokens matrix...
Done! README.md and SVGs updated.
[2026-03-26 23:28:33] monitor.py completed successfully
[2026-03-26 23:28:33] No changes detected, skipping commit
[2026-03-26 23:38:33] Starting auto-update...
Fetching usage data from ccusage...
Saved 47 days of usage data.
Generating 14-day line chart...
Generating cost matrix...
Generating tokens matrix...
Done! README.md and SVGs updated.
[2026-03-26 23:38:46] monitor.py completed successfully
[2026-03-26 23:38:46] No changes detected, skipping commit
[2026-03-26 23:48:46] Starting auto-update...
Fetching usage data from ccusage...
Saved 47 days of usage data.
Generating 14-day line chart...
Generating cost matrix...
Generating tokens matrix...
Done! README.md and SVGs updated.
[2026-03-26 23:49:00] monitor.py completed successfully
[2026-03-26 23:49:01] Pushed to GitHub successfully
[2026-03-26 23:59:01] Starting auto-update...
Fetching usage data from ccusage...
Saved 47 days of usage data.
Generating 14-day line chart...
Generating cost matrix...
Generating tokens matrix...
Done! README.md and SVGs updated.
[2026-03-26 23:59:14] monitor.py completed successfully
[2026-03-26 23:59:15] Pushed to GitHub successfully
[2026-03-27 00:09:15] Starting auto-update...
Fetching usage data from ccusage...
Saved 47 days of usage data.
Generating 14-day line chart...
Generating cost matrix...
Generating tokens matrix...
Done! README.md and SVGs updated.
[2026-03-27 00:09:28] monitor.py completed successfully
[2026-03-27 00:09:29] Pushed to GitHub successfully
[2026-03-27 00:19:29] Starting auto-update...
Fetching usage data from ccusage...
Saved 47 days of usage data.
Generating 14-day line chart...
Generating cost matrix...
Generating tokens matrix...
Done! README.md and SVGs updated.
[2026-03-27 00:19:43] monitor.py completed successfully
[2026-03-27 00:19:43] No changes detected, skipping commit
[2026-03-27 00:29:43] Starting auto-update...
Fetching usage data from ccusage...
Saved 48 days of usage data.
Generating 14-day line chart...
Generating cost matrix...
Generating tokens matrix...
Done! README.md and SVGs updated.
[2026-03-27 00:29:56] monitor.py completed successfully
[2026-03-27 00:29:57] Pushed to GitHub successfully
[2026-03-27 00:39:57] Starting auto-update...
Fetching usage data from ccusage...
Saved 48 days of usage data.
Generating 14-day line chart...
Generating cost matrix...
Generating tokens matrix...
Done! README.md and SVGs updated.
[2026-03-27 00:40:11] monitor.py completed successfully
[2026-03-27 00:40:12] Pushed to GitHub successfully
[2026-03-27 00:50:12] Starting auto-update...
Fetching usage data from ccusage...
Saved 48 days of usage data.
Generating 14-day line chart...
Generating cost matrix...
Generating tokens matrix...
Done! README.md and SVGs updated.
[2026-03-27 00:50:25] monitor.py completed successfully
[2026-03-27 00:50:26] Pushed to GitHub successfully
[2026-03-27 01:00:26] Starting auto-update...
Fetching usage data from ccusage...
Saved 48 days of usage data.
Generating 14-day line chart...
Generating cost matrix...
Generating tokens matrix...
Done! README.md and SVGs updated.
[2026-03-27 01:00:39] monitor.py completed successfully
[2026-03-27 01:00:39] No changes detected, skipping commit
[2026-03-27 01:10:39] Starting auto-update...
Fetching usage data from ccusage...
Saved 48 days of usage data.
Generating 14-day line chart...
Generating cost matrix...
Generating tokens matrix...
Done! README.md and SVGs updated.
[2026-03-27 01:10:53] monitor.py completed successfully
[2026-03-27 01:10:53] Pushed to GitHub successfully
[2026-03-27 01:20:53] Starting auto-update...
Fetching usage data from ccusage...
Saved 48 days of usage data.
Generating 14-day line chart...
Generating cost matrix...
Generating tokens matrix...
Done! README.md and SVGs updated.
[2026-03-27 01:21:07] monitor.py completed successfully
[2026-03-27 01:21:08] Pushed to GitHub successfully
[2026-03-27 01:31:08] Starting auto-update...
Fetching usage data from ccusage...
Saved 48 days of usage data.
Generating 14-day line chart...
Generating cost matrix...
Generating tokens matrix...
Done! README.md and SVGs updated.
[2026-03-27 01:31:21] monitor.py completed successfully
[2026-03-27 01:31:22] Pushed to GitHub successfully
[2026-03-27 01:38:54] Starting auto-update...
Fetching usage data from ccusage...
Saved 48 days of usage data.
Generating 14-day line chart...
Generating cost matrix...
Generating tokens matrix...
Done! README.md and SVGs updated.
[2026-03-27 01:39:07] monitor.py completed successfully
[2026-03-27 01:39:08] Pushed to GitHub successfully
[2026-03-27 01:41:22] Starting auto-update...
Fetching usage data from ccusage...
Saved 48 days of usage data.
Generating 14-day line chart...
Generating cost matrix...
Generating tokens matrix...
Done! README.md and SVGs updated.
[2026-03-27 01:41:36] monitor.py completed successfully
[2026-03-27 01:41:37] Pushed to GitHub successfully
[2026-03-27 01:51:37] Starting auto-update...
Fetching usage data from ccusage...
Saved 48 days of usage data.
Generating 14-day line chart...
Generating cost matrix...
Generating tokens matrix...
Done! README.md and SVGs updated.
[2026-03-27 01:51:50] monitor.py completed successfully
[2026-03-27 01:51:51] Pushed to GitHub successfully
[2026-03-27 02:01:51] Starting auto-update...
Fetching usage data from ccusage...
Saved 48 days of usage data.
Generating 14-day line chart...
Generating cost matrix...
Generating tokens matrix...
Done! README.md and SVGs updated.
[2026-03-27 02:02:05] monitor.py completed successfully
[2026-03-27 02:02:06] Pushed to GitHub successfully
[2026-03-27 02:12:06] Starting auto-update...
Fetching usage data from ccusage...
Saved 48 days of usage data.
Generating 14-day line chart...
Generating cost matrix...
Generating tokens matrix...
Done! README.md and SVGs updated.
[2026-03-27 02:12:19] monitor.py completed successfully
[2026-03-27 02:12:20] Pushed to GitHub successfully
[2026-03-27 02:13:59] Starting auto-update...
Fetching usage data from ccusage...
Saved 48 days of usage data.
Generating 14-day line chart...
Generating cost matrix...
Generating tokens matrix...
Done! README.md and SVGs updated.
[2026-03-27 02:14:24] monitor.py completed successfully
[2026-03-27 02:14:24] No changes detected, skipping commit
[2026-03-27 02:22:20] Starting auto-update...
Fetching usage data from ccusage...
Saved 48 days of usage data.
Generating 14-day line chart...
Generating cost matrix...
Generating tokens matrix...
Done! README.md and SVGs updated.
[2026-03-27 02:22:34] monitor.py completed successfully
[2026-03-27 02:22:34] Pushed to GitHub successfully
[2026-03-27 02:24:24] Starting auto-update...
Fetching usage data from ccusage...
Saved 48 days of usage data.
Generating 14-day line chart...
Generating cost matrix...
Generating tokens matrix...
Done! README.md and SVGs updated.
[2026-03-27 02:24:38] monitor.py completed successfully
[2026-03-27 02:24:39] Pushed to GitHub successfully
[2026-03-27 02:32:35] Starting auto-update...
Fetching usage data from ccusage...
Saved 48 days of usage data.
Generating 14-day line chart...
Generating cost matrix...
Generating tokens matrix...
Done! README.md and SVGs updated.
[2026-03-27 02:32:48] monitor.py completed successfully
[2026-03-27 02:32:49] Pushed to GitHub successfully
[2026-03-27 02:34:39] Starting auto-update...
Fetching usage data from ccusage...
Saved 48 days of usage data.
Generating 14-day line chart...
Generating cost matrix...
Generating tokens matrix...
Done! README.md and SVGs updated.
[2026-03-27 02:34:54] monitor.py completed successfully
[2026-03-27 02:34:55] Pushed to GitHub successfully
[2026-03-27 02:42:49] Starting auto-update...
Fetching usage data from ccusage...
Saved 48 days of usage data.
Generating 14-day line chart...
Generating cost matrix...
Generating tokens matrix...
Done! README.md and SVGs updated.
[2026-03-27 02:43:02] monitor.py completed successfully
[2026-03-27 02:43:03] Pushed to GitHub successfully
[2026-03-27 02:44:55] Starting auto-update...
Fetching usage data from ccusage...
Saved 48 days of usage data.
Generating 14-day line chart...
Generating cost matrix...
Generating tokens matrix...
Done! README.md and SVGs updated.
[2026-03-27 02:45:10] monitor.py completed successfully
[2026-03-27 02:45:10] No changes detected, skipping commit
[2026-03-27 02:53:03] Starting auto-update...
Fetching usage data from ccusage...
Saved 48 days of usage data.
Generating 14-day line chart...
Generating cost matrix...
Generating tokens matrix...
Done! README.md and SVGs updated.
[2026-03-27 02:53:16] monitor.py completed successfully
[2026-03-27 02:53:16] No changes detected, skipping commit
[2026-03-27 02:55:10] Starting auto-update...
Fetching usage data from ccusage...
Saved 48 days of usage data.
Generating 14-day line chart...
Generating cost matrix...
Generating tokens matrix...
Done! README.md and SVGs updated.
[2026-03-27 02:55:24] monitor.py completed successfully
[2026-03-27 02:55:24] No changes detected, skipping commit
[2026-03-27 03:03:16] Starting auto-update...
Fetching usage data from ccusage...
Saved 48 days of usage data.
Generating 14-day line chart...
Generating cost matrix...
Generating tokens matrix...
Done! README.md and SVGs updated.
[2026-03-27 03:03:30] monitor.py completed successfully
[2026-03-27 03:03:30] No changes detected, skipping commit
[2026-03-27 03:05:24] Starting auto-update...
Fetching usage data from ccusage...
Saved 48 days of usage data.
Generating 14-day line chart...
Generating cost matrix...
Generating tokens matrix...
Done! README.md and SVGs updated.
[2026-03-27 03:05:38] monitor.py completed successfully
[2026-03-27 03:05:38] No changes detected, skipping commit
[2026-03-27 03:13:30] Starting auto-update...
Fetching usage data from ccusage...
Saved 48 days of usage data.
Generating 14-day line chart...
Generating cost matrix...
Generating tokens matrix...
Done! README.md and SVGs updated.
[2026-03-27 03:13:43] monitor.py completed successfully
[2026-03-27 03:13:43] No changes detected, skipping commit
[2026-03-27 03:15:38] Starting auto-update...
Fetching usage data from ccusage...
Saved 48 days of usage data.
Generating 14-day line chart...
Generating cost matrix...
Generating tokens matrix...
Done! README.md and SVGs updated.
[2026-03-27 03:15:53] monitor.py completed successfully
[2026-03-27 03:15:53] No changes detected, skipping commit
[2026-03-27 03:23:43] Starting auto-update...
Fetching usage data from ccusage...
Saved 48 days of usage data.
Generating 14-day line chart...
Generating cost matrix...
Generating tokens matrix...
Done! README.md and SVGs updated.
[2026-03-27 03:23:56] monitor.py completed successfully
[2026-03-27 03:23:56] No changes detected, skipping commit
[2026-03-27 03:25:53] Starting auto-update...
Fetching usage data from ccusage...
Saved 48 days of usage data.
Generating 14-day line chart...
Generating cost matrix...
Generating tokens matrix...
Done! README.md and SVGs updated.
[2026-03-27 03:26:07] monitor.py completed successfully
[2026-03-27 03:26:07] No changes detected, skipping commit
[2026-03-27 03:33:56] Starting auto-update...
Fetching usage data from ccusage...
Saved 48 days of usage data.
Generating 14-day line chart...
Generating cost matrix...
Generating tokens matrix...
Done! README.md and SVGs updated.
[2026-03-27 03:34:09] monitor.py completed successfully
[2026-03-27 03:34:09] No changes detected, skipping commit
[2026-03-27 03:36:07] Starting auto-update...
Fetching usage data from ccusage...
Saved 48 days of usage data.
Generating 14-day line chart...
Generating cost matrix...
Generating tokens matrix...
Done! README.md and SVGs updated.
[2026-03-27 03:36:22] monitor.py completed successfully
[2026-03-27 03:36:22] No changes detected, skipping commit
[2026-03-27 03:44:09] Starting auto-update...
Fetching usage data from ccusage...
Saved 48 days of usage data.
Generating 14-day line chart...
Generating cost matrix...
Generating tokens matrix...
Done! README.md and SVGs updated.
[2026-03-27 03:44:23] monitor.py completed successfully
[2026-03-27 03:44:23] No changes detected, skipping commit
[2026-03-27 03:46:22] Starting auto-update...
Fetching usage data from ccusage...
Saved 48 days of usage data.
Generating 14-day line chart...
Generating cost matrix...
Generating tokens matrix...
Done! README.md and SVGs updated.
[2026-03-27 03:46:36] monitor.py completed successfully
[2026-03-27 03:46:36] No changes detected, skipping commit
[2026-03-27 03:54:23] Starting auto-update...
Fetching usage data from ccusage...
Saved 48 days of usage data.
Generating 14-day line chart...
Generating cost matrix...
Generating tokens matrix...
Done! README.md and SVGs updated.
[2026-03-27 03:54:36] monitor.py completed successfully
[2026-03-27 03:54:36] No changes detected, skipping commit
[2026-03-27 03:56:36] Starting auto-update...
Fetching usage data from ccusage...
Saved 48 days of usage data.
Generating 14-day line chart...
Generating cost matrix...
Generating tokens matrix...
Done! README.md and SVGs updated.
[2026-03-27 03:56:51] monitor.py completed successfully
[2026-03-27 03:56:51] No changes detected, skipping commit
[2026-03-27 04:04:36] Starting auto-update...
Fetching usage data from ccusage...
Saved 48 days of usage data.
Generating 14-day line chart...
Generating cost matrix...
Generating tokens matrix...
Done! README.md and SVGs updated.
[2026-03-27 04:04:50] monitor.py completed successfully
[2026-03-27 04:04:50] No changes detected, skipping commit
[2026-03-27 04:06:51] Starting auto-update...
Fetching usage data from ccusage...
Saved 48 days of usage data.
Generating 14-day line chart...
Generating cost matrix...
Generating tokens matrix...
Done! README.md and SVGs updated.
[2026-03-27 04:07:05] monitor.py completed successfully
[2026-03-27 04:07:05] No changes detected, skipping commit
[2026-03-27 04:14:50] Starting auto-update...
Fetching usage data from ccusage...
Saved 48 days of usage data.
Generating 14-day line chart...
Generating cost matrix...
Generating tokens matrix...
Done! README.md and SVGs updated.
[2026-03-27 04:15:03] monitor.py completed successfully
[2026-03-27 04:15:03] No changes detected, skipping commit
[2026-03-27 04:17:06] Starting auto-update...
Fetching usage data from ccusage...
Saved 48 days of usage data.
Generating 14-day line chart...
Generating cost matrix...
Generating tokens matrix...
Done! README.md and SVGs updated.
[2026-03-27 04:17:20] monitor.py completed successfully
[2026-03-27 04:17:20] No changes detected, skipping commit
[2026-03-27 04:25:03] Starting auto-update...
Fetching usage data from ccusage...
Saved 48 days of usage data.
Generating 14-day line chart...
Generating cost matrix...
Generating tokens matrix...
Done! README.md and SVGs updated.
[2026-03-27 04:25:16] monitor.py completed successfully
[2026-03-27 04:25:16] No changes detected, skipping commit
[2026-03-27 04:27:20] Starting auto-update...
Fetching usage data from ccusage...
Saved 48 days of usage data.
Generating 14-day line chart...
Generating cost matrix...
Generating tokens matrix...
Done! README.md and SVGs updated.
[2026-03-27 04:27:35] monitor.py completed successfully
[2026-03-27 04:27:35] No changes detected, skipping commit
[2026-03-27 04:35:16] Starting auto-update...
Fetching usage data from ccusage...
Saved 48 days of usage data.
Generating 14-day line chart...
Generating cost matrix...
Generating tokens matrix...
Done! README.md and SVGs updated.
[2026-03-27 04:35:29] monitor.py completed successfully
[2026-03-27 04:35:29] No changes detected, skipping commit
[2026-03-27 04:37:35] Starting auto-update...
Fetching usage data from ccusage...
Saved 48 days of usage data.
Generating 14-day line chart...
Generating cost matrix...
Generating tokens matrix...
Done! README.md and SVGs updated.
[2026-03-27 04:37:49] monitor.py completed successfully
[2026-03-27 04:37:49] No changes detected, skipping commit
[2026-03-27 04:45:30] Starting auto-update...
Fetching usage data from ccusage...
Saved 48 days of usage data.
Generating 14-day line chart...
Generating cost matrix...
Generating tokens matrix...
Done! README.md and SVGs updated.
[2026-03-27 04:45:43] monitor.py completed successfully
[2026-03-27 04:45:43] No changes detected, skipping commit
[2026-03-27 04:47:49] Starting auto-update...
Fetching usage data from ccusage...
Saved 48 days of usage data.
Generating 14-day line chart...
Generating cost matrix...
Generating tokens matrix...
Done! README.md and SVGs updated.
[2026-03-27 04:48:03] monitor.py completed successfully
[2026-03-27 04:48:03] No changes detected, skipping commit
[2026-03-27 04:55:43] Starting auto-update...
Fetching usage data from ccusage...
Saved 48 days of usage data.
Generating 14-day line chart...
Generating cost matrix...
Generating tokens matrix...
Done! README.md and SVGs updated.
[2026-03-27 04:55:57] monitor.py completed successfully
[2026-03-27 04:55:57] No changes detected, skipping commit
[2026-03-27 04:58:03] Starting auto-update...
Fetching usage data from ccusage...
Saved 48 days of usage data.
Generating 14-day line chart...
Generating cost matrix...
Generating tokens matrix...
Done! README.md and SVGs updated.
[2026-03-27 04:58:17] monitor.py completed successfully
[2026-03-27 04:58:17] No changes detected, skipping commit
[2026-03-27 05:05:57] Starting auto-update...
Fetching usage data from ccusage...
Saved 48 days of usage data.
Generating 14-day line chart...
Generating cost matrix...
Generating tokens matrix...
Done! README.md and SVGs updated.
[2026-03-27 05:06:10] monitor.py completed successfully
[2026-03-27 05:06:10] No changes detected, skipping commit
[2026-03-27 05:08:17] Starting auto-update...
Fetching usage data from ccusage...
Saved 48 days of usage data.
Generating 14-day line chart...
Generating cost matrix...
Generating tokens matrix...
Done! README.md and SVGs updated.
[2026-03-27 05:08:31] monitor.py completed successfully
[2026-03-27 05:08:31] No changes detected, skipping commit
[2026-03-27 05:16:10] Starting auto-update...
Fetching usage data from ccusage...
Saved 48 days of usage data.
Generating 14-day line chart...
Generating cost matrix...
Generating tokens matrix...
Done! README.md and SVGs updated.
[2026-03-27 05:16:23] monitor.py completed successfully
[2026-03-27 05:16:23] No changes detected, skipping commit
[2026-03-27 05:18:31] Starting auto-update...
Fetching usage data from ccusage...
Saved 48 days of usage data.
Generating 14-day line chart...
Generating cost matrix...
Generating tokens matrix...
Done! README.md and SVGs updated.
[2026-03-27 05:18:46] monitor.py completed successfully
[2026-03-27 05:18:46] No changes detected, skipping commit
[2026-03-27 05:26:23] Starting auto-update...
Fetching usage data from ccusage...
Saved 48 days of usage data.
Generating 14-day line chart...
Generating cost matrix...
Generating tokens matrix...
Done! README.md and SVGs updated.
[2026-03-27 05:26:36] monitor.py completed successfully
[2026-03-27 05:26:36] No changes detected, skipping commit
[2026-03-27 05:28:46] Starting auto-update...
Fetching usage data from ccusage...
Saved 48 days of usage data.
Generating 14-day line chart...
Generating cost matrix...
Generating tokens matrix...
Done! README.md and SVGs updated.
[2026-03-27 05:29:00] monitor.py completed successfully
[2026-03-27 05:29:00] No changes detected, skipping commit
[2026-03-27 05:36:36] Starting auto-update...
Fetching usage data from ccusage...
Saved 48 days of usage data.
Generating 14-day line chart...
Generating cost matrix...
Generating tokens matrix...
Done! README.md and SVGs updated.
[2026-03-27 05:36:50] monitor.py completed successfully
[2026-03-27 05:36:50] No changes detected, skipping commit
[2026-03-27 05:39:00] Starting auto-update...
Fetching usage data from ccusage...
Saved 48 days of usage data.
Generating 14-day line chart...
Generating cost matrix...
Generating tokens matrix...
Done! README.md and SVGs updated.
[2026-03-27 05:39:15] monitor.py completed successfully
[2026-03-27 05:39:15] No changes detected, skipping commit
[2026-03-27 05:46:50] Starting auto-update...
Fetching usage data from ccusage...
Saved 48 days of usage data.
Generating 14-day line chart...
Generating cost matrix...
Generating tokens matrix...
Done! README.md and SVGs updated.
[2026-03-27 05:47:03] monitor.py completed successfully
[2026-03-27 05:47:03] No changes detected, skipping commit
[2026-03-27 05:49:15] Starting auto-update...
Fetching usage data from ccusage...
Saved 48 days of usage data.
Generating 14-day line chart...
Generating cost matrix...
Generating tokens matrix...
Done! README.md and SVGs updated.
[2026-03-27 05:49:29] monitor.py completed successfully
[2026-03-27 05:49:29] No changes detected, skipping commit
[2026-03-27 05:57:03] Starting auto-update...
Fetching usage data from ccusage...
Saved 48 days of usage data.
Generating 14-day line chart...
Generating cost matrix...
Generating tokens matrix...
Done! README.md and SVGs updated.
[2026-03-27 05:57:17] monitor.py completed successfully
[2026-03-27 05:57:17] No changes detected, skipping commit
[2026-03-27 05:59:29] Starting auto-update...
Fetching usage data from ccusage...
Saved 48 days of usage data.
Generating 14-day line chart...
Generating cost matrix...
Generating tokens matrix...
Done! README.md and SVGs updated.
[2026-03-27 05:59:43] monitor.py completed successfully
[2026-03-27 05:59:43] No changes detected, skipping commit
[2026-03-27 06:07:17] Starting auto-update...
Fetching usage data from ccusage...
Saved 48 days of usage data.
Generating 14-day line chart...
Generating cost matrix...
Generating tokens matrix...
Done! README.md and SVGs updated.
[2026-03-27 06:07:29] monitor.py completed successfully
[2026-03-27 06:07:29] No changes detected, skipping commit
[2026-03-27 06:09:43] Starting auto-update...
Fetching usage data from ccusage...
Saved 48 days of usage data.
Generating 14-day line chart...
Generating cost matrix...
Generating tokens matrix...
Done! README.md and SVGs updated.
[2026-03-27 06:09:57] monitor.py completed successfully
[2026-03-27 06:09:57] No changes detected, skipping commit
[2026-03-27 06:17:30] Starting auto-update...
Fetching usage data from ccusage...
Saved 48 days of usage data.
Generating 14-day line chart...
Generating cost matrix...
Generating tokens matrix...
Done! README.md and SVGs updated.
[2026-03-27 06:17:43] monitor.py completed successfully
[2026-03-27 06:17:43] No changes detected, skipping commit
[2026-03-27 06:19:57] Starting auto-update...
Fetching usage data from ccusage...
Saved 48 days of usage data.
Generating 14-day line chart...
Generating cost matrix...
Generating tokens matrix...
Done! README.md and SVGs updated.
[2026-03-27 06:20:11] monitor.py completed successfully
[2026-03-27 06:20:11] No changes detected, skipping commit
[2026-03-27 06:27:43] Starting auto-update...
Fetching usage data from ccusage...
Saved 48 days of usage data.
Generating 14-day line chart...
Generating cost matrix...
Generating tokens matrix...
Done! README.md and SVGs updated.
[2026-03-27 06:27:56] monitor.py completed successfully
[2026-03-27 06:27:56] No changes detected, skipping commit
[2026-03-27 06:30:11] Starting auto-update...
Fetching usage data from ccusage...
Saved 48 days of usage data.
Generating 14-day line chart...
Generating cost matrix...
Generating tokens matrix...
Done! README.md and SVGs updated.
[2026-03-27 06:30:26] monitor.py completed successfully
[2026-03-27 06:30:26] No changes detected, skipping commit
[2026-03-27 06:37:56] Starting auto-update...
Fetching usage data from ccusage...
Saved 48 days of usage data.
Generating 14-day line chart...
Generating cost matrix...
Generating tokens matrix...
Done! README.md and SVGs updated.
[2026-03-27 06:38:09] monitor.py completed successfully
[2026-03-27 06:38:09] No changes detected, skipping commit
[2026-03-27 06:40:26] Starting auto-update...
Fetching usage data from ccusage...
Saved 48 days of usage data.
Generating 14-day line chart...
Generating cost matrix...
Generating tokens matrix...
Done! README.md and SVGs updated.
[2026-03-27 06:40:39] monitor.py completed successfully
[2026-03-27 06:40:39] No changes detected, skipping commit
[2026-03-27 06:48:09] Starting auto-update...
Fetching usage data from ccusage...
Saved 48 days of usage data.
Generating 14-day line chart...
Generating cost matrix...
Generating tokens matrix...
Done! README.md and SVGs updated.
[2026-03-27 06:48:23] monitor.py completed successfully
[2026-03-27 06:48:23] No changes detected, skipping commit
[2026-03-27 06:50:39] Starting auto-update...
Fetching usage data from ccusage...
Saved 48 days of usage data.
Generating 14-day line chart...
Generating cost matrix...
Generating tokens matrix...
Done! README.md and SVGs updated.
[2026-03-27 06:50:53] monitor.py completed successfully
[2026-03-27 06:50:53] No changes detected, skipping commit
[2026-03-27 06:58:23] Starting auto-update...
Fetching usage data from ccusage...
Saved 48 days of usage data.
Generating 14-day line chart...
Generating cost matrix...
Generating tokens matrix...
Done! README.md and SVGs updated.
[2026-03-27 06:58:36] monitor.py completed successfully
[2026-03-27 06:58:36] No changes detected, skipping commit
[2026-03-27 07:00:53] Starting auto-update...
Fetching usage data from ccusage...
Saved 48 days of usage data.
Generating 14-day line chart...
Generating cost matrix...
Generating tokens matrix...
Done! README.md and SVGs updated.
[2026-03-27 07:01:08] monitor.py completed successfully
[2026-03-27 07:01:08] No changes detected, skipping commit
[2026-03-27 07:08:36] Starting auto-update...
Fetching usage data from ccusage...
Saved 48 days of usage data.
Generating 14-day line chart...
Generating cost matrix...
Generating tokens matrix...
Done! README.md and SVGs updated.
[2026-03-27 07:08:49] monitor.py completed successfully
[2026-03-27 07:08:49] No changes detected, skipping commit
[2026-03-27 07:11:08] Starting auto-update...
Fetching usage data from ccusage...
Saved 48 days of usage data.
Generating 14-day line chart...
Generating cost matrix...
Generating tokens matrix...
Done! README.md and SVGs updated.
[2026-03-27 07:11:22] monitor.py completed successfully
[2026-03-27 07:11:22] No changes detected, skipping commit
[2026-03-27 07:18:49] Starting auto-update...
Fetching usage data from ccusage...
Saved 48 days of usage data.
Generating 14-day line chart...
Generating cost matrix...
Generating tokens matrix...
Done! README.md and SVGs updated.
[2026-03-27 07:19:03] monitor.py completed successfully
[2026-03-27 07:19:03] No changes detected, skipping commit
[2026-03-27 07:21:22] Starting auto-update...
Fetching usage data from ccusage...
Saved 48 days of usage data.
Generating 14-day line chart...
Generating cost matrix...
Generating tokens matrix...
Done! README.md and SVGs updated.
[2026-03-27 07:21:36] monitor.py completed successfully
[2026-03-27 07:21:36] No changes detected, skipping commit
[2026-03-27 07:29:03] Starting auto-update...
Fetching usage data from ccusage...
Saved 48 days of usage data.
Generating 14-day line chart...
Generating cost matrix...
Generating tokens matrix...
Done! README.md and SVGs updated.
[2026-03-27 07:29:17] monitor.py completed successfully
[2026-03-27 07:29:17] No changes detected, skipping commit
[2026-03-27 07:31:36] Starting auto-update...
Fetching usage data from ccusage...
Saved 48 days of usage data.
Generating 14-day line chart...
Generating cost matrix...
Generating tokens matrix...
Done! README.md and SVGs updated.
[2026-03-27 07:31:49] monitor.py completed successfully
[2026-03-27 07:31:50] No changes detected, skipping commit
[2026-03-27 07:39:17] Starting auto-update...
Fetching usage data from ccusage...
Saved 48 days of usage data.
Generating 14-day line chart...
Generating cost matrix...
Generating tokens matrix...
Done! README.md and SVGs updated.
[2026-03-27 07:39:30] monitor.py completed successfully
[2026-03-27 07:39:30] No changes detected, skipping commit
[2026-03-27 07:41:50] Starting auto-update...
Fetching usage data from ccusage...
Saved 48 days of usage data.
Generating 14-day line chart...
Generating cost matrix...
Generating tokens matrix...
Done! README.md and SVGs updated.
[2026-03-27 07:42:03] monitor.py completed successfully
[2026-03-27 07:42:03] No changes detected, skipping commit
[2026-03-27 07:49:30] Starting auto-update...
Fetching usage data from ccusage...
Saved 48 days of usage data.
Generating 14-day line chart...
Generating cost matrix...
Generating tokens matrix...
Done! README.md and SVGs updated.
[2026-03-27 07:49:44] monitor.py completed successfully
[2026-03-27 07:49:44] No changes detected, skipping commit
[2026-03-27 07:52:03] Starting auto-update...
Fetching usage data from ccusage...
Saved 48 days of usage data.
Generating 14-day line chart...
Generating cost matrix...
Generating tokens matrix...
Done! README.md and SVGs updated.
[2026-03-27 07:52:17] monitor.py completed successfully
[2026-03-27 07:52:17] No changes detected, skipping commit
[2026-03-27 07:59:44] Starting auto-update...
Fetching usage data from ccusage...
Saved 48 days of usage data.
Generating 14-day line chart...
Generating cost matrix...
Generating tokens matrix...
Done! README.md and SVGs updated.
[2026-03-27 07:59:58] monitor.py completed successfully
[2026-03-27 07:59:58] No changes detected, skipping commit
[2026-03-27 08:02:17] Starting auto-update...
Fetching usage data from ccusage...
Saved 48 days of usage data.
Generating 14-day line chart...
Generating cost matrix...
Generating tokens matrix...
Done! README.md and SVGs updated.
[2026-03-27 08:02:32] monitor.py completed successfully
[2026-03-27 08:02:32] No changes detected, skipping commit
[2026-03-27 08:09:58] Starting auto-update...
Fetching usage data from ccusage...
Saved 48 days of usage data.
Generating 14-day line chart...
Generating cost matrix...
Generating tokens matrix...
Done! README.md and SVGs updated.
[2026-03-27 08:10:11] monitor.py completed successfully
[2026-03-27 08:10:11] No changes detected, skipping commit
[2026-03-27 08:12:32] Starting auto-update...
Fetching usage data from ccusage...
Saved 48 days of usage data.
Generating 14-day line chart...
Generating cost matrix...
Generating tokens matrix...
Done! README.md and SVGs updated.
[2026-03-27 08:12:46] monitor.py completed successfully
[2026-03-27 08:12:46] No changes detected, skipping commit
[2026-03-27 08:20:11] Starting auto-update...
Fetching usage data from ccusage...
Saved 48 days of usage data.
Generating 14-day line chart...
Generating cost matrix...
Generating tokens matrix...
Done! README.md and SVGs updated.
[2026-03-27 08:20:24] monitor.py completed successfully
[2026-03-27 08:20:24] No changes detected, skipping commit
[2026-03-27 08:22:46] Starting auto-update...
Fetching usage data from ccusage...
Saved 48 days of usage data.
Generating 14-day line chart...
Generating cost matrix...
Generating tokens matrix...
Done! README.md and SVGs updated.
[2026-03-27 08:23:00] monitor.py completed successfully
[2026-03-27 08:23:00] No changes detected, skipping commit
[2026-03-27 08:30:24] Starting auto-update...
Fetching usage data from ccusage...
Saved 48 days of usage data.
Generating 14-day line chart...
Generating cost matrix...
Generating tokens matrix...
Done! README.md and SVGs updated.
[2026-03-27 08:30:38] monitor.py completed successfully
[2026-03-27 08:30:38] No changes detected, skipping commit
[2026-03-27 08:33:00] Starting auto-update...
Fetching usage data from ccusage...
Saved 48 days of usage data.
Generating 14-day line chart...
Generating cost matrix...
Generating tokens matrix...
Done! README.md and SVGs updated.
[2026-03-27 08:33:14] monitor.py completed successfully
[2026-03-27 08:33:14] No changes detected, skipping commit
[2026-03-27 08:40:38] Starting auto-update...
Fetching usage data from ccusage...
Saved 48 days of usage data.
Generating 14-day line chart...
Generating cost matrix...
Generating tokens matrix...
Done! README.md and SVGs updated.
[2026-03-27 08:40:52] monitor.py completed successfully
[2026-03-27 08:40:52] No changes detected, skipping commit
[2026-03-27 08:43:14] Starting auto-update...
Fetching usage data from ccusage...
Saved 48 days of usage data.
Generating 14-day line chart...
Generating cost matrix...
Generating tokens matrix...
Done! README.md and SVGs updated.
[2026-03-27 08:43:28] monitor.py completed successfully
[2026-03-27 08:43:28] No changes detected, skipping commit
[2026-03-27 08:50:52] Starting auto-update...
Fetching usage data from ccusage...
Saved 48 days of usage data.
Generating 14-day line chart...
Generating cost matrix...
Generating tokens matrix...
Done! README.md and SVGs updated.
[2026-03-27 08:51:06] monitor.py completed successfully
[2026-03-27 08:51:06] No changes detected, skipping commit
[2026-03-27 08:53:28] Starting auto-update...
Fetching usage data from ccusage...
Saved 48 days of usage data.
Generating 14-day line chart...
Generating cost matrix...
Generating tokens matrix...
Done! README.md and SVGs updated.
[2026-03-27 08:53:42] monitor.py completed successfully
[2026-03-27 08:53:42] No changes detected, skipping commit
[2026-03-27 09:01:06] Starting auto-update...
Fetching usage data from ccusage...
Saved 48 days of usage data.
Generating 14-day line chart...
Generating cost matrix...
Generating tokens matrix...
Done! README.md and SVGs updated.
[2026-03-27 09:01:20] monitor.py completed successfully
[2026-03-27 09:01:20] No changes detected, skipping commit
[2026-03-27 09:03:42] Starting auto-update...
Fetching usage data from ccusage...
Saved 48 days of usage data.
Generating 14-day line chart...
Generating cost matrix...
Generating tokens matrix...
Done! README.md and SVGs updated.
[2026-03-27 09:04:00] monitor.py completed successfully
[2026-03-27 09:04:00] No changes detected, skipping commit
[2026-03-27 09:11:20] Starting auto-update...
Fetching usage data from ccusage...
Saved 48 days of usage data.
Generating 14-day line chart...
Generating cost matrix...
Generating tokens matrix...
Done! README.md and SVGs updated.
[2026-03-27 09:11:33] monitor.py completed successfully
[2026-03-27 09:11:33] No changes detected, skipping commit
[2026-03-27 09:14:00] Starting auto-update...
Fetching usage data from ccusage...
Saved 48 days of usage data.
Generating 14-day line chart...
Generating cost matrix...
Generating tokens matrix...
Done! README.md and SVGs updated.
[2026-03-27 09:14:15] monitor.py completed successfully
[2026-03-27 09:14:15] No changes detected, skipping commit
[2026-03-27 09:21:33] Starting auto-update...
Fetching usage data from ccusage...
Saved 48 days of usage data.
Generating 14-day line chart...
Generating cost matrix...
Generating tokens matrix...
Done! README.md and SVGs updated.
[2026-03-27 09:21:47] monitor.py completed successfully
[2026-03-27 09:21:47] No changes detected, skipping commit
[2026-03-27 09:24:15] Starting auto-update...
Fetching usage data from ccusage...
Saved 48 days of usage data.
Generating 14-day line chart...
Generating cost matrix...
Generating tokens matrix...
Done! README.md and SVGs updated.
[2026-03-27 09:24:29] monitor.py completed successfully
[2026-03-27 09:24:29] No changes detected, skipping commit
[2026-03-27 09:31:47] Starting auto-update...
Fetching usage data from ccusage...
Saved 48 days of usage data.
Generating 14-day line chart...
Generating cost matrix...
Generating tokens matrix...
Done! README.md and SVGs updated.
[2026-03-27 09:32:00] monitor.py completed successfully
[2026-03-27 09:32:00] No changes detected, skipping commit
[2026-03-27 09:34:29] Starting auto-update...
Fetching usage data from ccusage...
Saved 48 days of usage data.
Generating 14-day line chart...
Generating cost matrix...
Generating tokens matrix...
Done! README.md and SVGs updated.
[2026-03-27 09:34:44] monitor.py completed successfully
[2026-03-27 09:34:44] No changes detected, skipping commit
[2026-03-27 09:42:00] Starting auto-update...
Fetching usage data from ccusage...
Saved 48 days of usage data.
Generating 14-day line chart...
Generating cost matrix...
Generating tokens matrix...
Done! README.md and SVGs updated.
[2026-03-27 09:42:14] monitor.py completed successfully
[2026-03-27 09:42:14] No changes detected, skipping commit
[2026-03-27 09:44:44] Starting auto-update...
Fetching usage data from ccusage...
Saved 48 days of usage data.
Generating 14-day line chart...
Generating cost matrix...
Generating tokens matrix...
Done! README.md and SVGs updated.
[2026-03-27 09:44:59] monitor.py completed successfully
[2026-03-27 09:44:59] No changes detected, skipping commit
[2026-03-27 09:52:14] Starting auto-update...
Fetching usage data from ccusage...
Saved 48 days of usage data.
Generating 14-day line chart...
Generating cost matrix...
Generating tokens matrix...
Done! README.md and SVGs updated.
[2026-03-27 09:52:27] monitor.py completed successfully
[2026-03-27 09:52:27] No changes detected, skipping commit
[2026-03-27 09:54:59] Starting auto-update...
Fetching usage data from ccusage...
Saved 48 days of usage data.
Generating 14-day line chart...
Generating cost matrix...
Generating tokens matrix...
Done! README.md and SVGs updated.
[2026-03-27 09:55:13] monitor.py completed successfully
[2026-03-27 09:55:13] No changes detected, skipping commit
[2026-03-27 10:02:27] Starting auto-update...
Fetching usage data from ccusage...
Saved 48 days of usage data.
Generating 14-day line chart...
Generating cost matrix...
Generating tokens matrix...
Done! README.md and SVGs updated.
[2026-03-27 10:02:41] monitor.py completed successfully
[2026-03-27 10:02:41] No changes detected, skipping commit
[2026-03-27 10:05:13] Starting auto-update...
Fetching usage data from ccusage...
Saved 48 days of usage data.
Generating 14-day line chart...
Generating cost matrix...
Generating tokens matrix...
Done! README.md and SVGs updated.
[2026-03-27 10:05:27] monitor.py completed successfully
[2026-03-27 10:05:27] No changes detected, skipping commit
[2026-03-27 10:12:41] Starting auto-update...
Fetching usage data from ccusage...
Saved 48 days of usage data.
Generating 14-day line chart...
Generating cost matrix...
Generating tokens matrix...
Done! README.md and SVGs updated.
[2026-03-27 10:12:54] monitor.py completed successfully
[2026-03-27 10:12:54] No changes detected, skipping commit
[2026-03-27 10:15:27] Starting auto-update...
Fetching usage data from ccusage...
Saved 48 days of usage data.
Generating 14-day line chart...
Generating cost matrix...
Generating tokens matrix...
Done! README.md and SVGs updated.
[2026-03-27 10:15:40] monitor.py completed successfully
[2026-03-27 10:15:40] No changes detected, skipping commit
[2026-03-27 10:22:54] Starting auto-update...
Fetching usage data from ccusage...
Saved 48 days of usage data.
Generating 14-day line chart...
Generating cost matrix...
Generating tokens matrix...
Done! README.md and SVGs updated.
[2026-03-27 10:23:08] monitor.py completed successfully
[2026-03-27 10:23:08] No changes detected, skipping commit
[2026-03-27 10:25:40] Starting auto-update...
Fetching usage data from ccusage...
Saved 48 days of usage data.
Generating 14-day line chart...
Generating cost matrix...
Generating tokens matrix...
Done! README.md and SVGs updated.
[2026-03-27 10:25:54] monitor.py completed successfully
[2026-03-27 10:25:54] No changes detected, skipping commit
[2026-03-27 10:33:08] Starting auto-update...
Fetching usage data from ccusage...
Saved 48 days of usage data.
Generating 14-day line chart...
Generating cost matrix...
Generating tokens matrix...
Done! README.md and SVGs updated.
[2026-03-27 10:33:22] monitor.py completed successfully
[2026-03-27 10:33:23] Pushed to GitHub successfully
[2026-03-27 10:35:54] Starting auto-update...
Fetching usage data from ccusage...
Saved 48 days of usage data.
Generating 14-day line chart...
Generating cost matrix...
Generating tokens matrix...
Done! README.md and SVGs updated.
[2026-03-27 10:36:08] monitor.py completed successfully
[2026-03-27 10:36:08] No changes detected, skipping commit
[2026-03-27 10:43:23] Starting auto-update...
Fetching usage data from ccusage...
Saved 48 days of usage data.
Generating 14-day line chart...
Generating cost matrix...
Generating tokens matrix...
Done! README.md and SVGs updated.
[2026-03-27 10:43:37] monitor.py completed successfully
[2026-03-27 10:43:37] No changes detected, skipping commit
[2026-03-27 10:46:08] Starting auto-update...
Fetching usage data from ccusage...
Saved 48 days of usage data.
Generating 14-day line chart...
Generating cost matrix...
Generating tokens matrix...
Done! README.md and SVGs updated.
[2026-03-27 10:46:21] monitor.py completed successfully
[2026-03-27 10:46:21] No changes detected, skipping commit
[2026-03-27 10:53:37] Starting auto-update...
Fetching usage data from ccusage...
Saved 48 days of usage data.
Generating 14-day line chart...
Generating cost matrix...
Generating tokens matrix...
Done! README.md and SVGs updated.
[2026-03-27 10:53:51] monitor.py completed successfully
[2026-03-27 10:53:51] No changes detected, skipping commit
[2026-03-27 10:56:21] Starting auto-update...
Fetching usage data from ccusage...
Saved 48 days of usage data.
Generating 14-day line chart...
Generating cost matrix...
Generating tokens matrix...
Done! README.md and SVGs updated.
[2026-03-27 10:56:35] monitor.py completed successfully
[2026-03-27 10:56:35] No changes detected, skipping commit
[2026-03-27 11:03:51] Starting auto-update...
Fetching usage data from ccusage...
Saved 48 days of usage data.
Generating 14-day line chart...
Generating cost matrix...
Generating tokens matrix...
Done! README.md and SVGs updated.
[2026-03-27 11:04:04] monitor.py completed successfully
[2026-03-27 11:04:04] No changes detected, skipping commit
[2026-03-27 11:06:35] Starting auto-update...
Fetching usage data from ccusage...
Saved 48 days of usage data.
Generating 14-day line chart...
Generating cost matrix...
Generating tokens matrix...
Done! README.md and SVGs updated.
[2026-03-27 11:06:49] monitor.py completed successfully
[2026-03-27 11:06:49] No changes detected, skipping commit
[2026-03-27 11:14:04] Starting auto-update...
Fetching usage data from ccusage...
Saved 48 days of usage data.
Generating 14-day line chart...
Generating cost matrix...
Generating tokens matrix...
Done! README.md and SVGs updated.
[2026-03-27 11:14:17] monitor.py completed successfully
[2026-03-27 11:14:17] No changes detected, skipping commit
[2026-03-27 11:16:49] Starting auto-update...
Fetching usage data from ccusage...
Saved 48 days of usage data.
Generating 14-day line chart...
Generating cost matrix...
Generating tokens matrix...
Done! README.md and SVGs updated.
[2026-03-27 11:17:03] monitor.py completed successfully
[2026-03-27 11:17:03] No changes detected, skipping commit
[2026-03-27 11:24:17] Starting auto-update...
Fetching usage data from ccusage...
Saved 48 days of usage data.
Generating 14-day line chart...
Generating cost matrix...
Generating tokens matrix...
Done! README.md and SVGs updated.
[2026-03-27 11:24:30] monitor.py completed successfully
[2026-03-27 11:24:30] No changes detected, skipping commit
[2026-03-27 11:27:03] Starting auto-update...
Fetching usage data from ccusage...
Saved 48 days of usage data.
Generating 14-day line chart...
Generating cost matrix...
Generating tokens matrix...
Done! README.md and SVGs updated.
[2026-03-27 11:27:17] monitor.py completed successfully
[2026-03-27 11:27:17] No changes detected, skipping commit
[2026-03-27 11:34:31] Starting auto-update...
Fetching usage data from ccusage...
Saved 48 days of usage data.
Generating 14-day line chart...
Generating cost matrix...
Generating tokens matrix...
Done! README.md and SVGs updated.
[2026-03-27 11:34:44] monitor.py completed successfully
[2026-03-27 11:34:44] No changes detected, skipping commit
[2026-03-27 11:37:17] Starting auto-update...
Fetching usage data from ccusage...
Saved 48 days of usage data.
Generating 14-day line chart...
Generating cost matrix...
Generating tokens matrix...
Done! README.md and SVGs updated.
[2026-03-27 11:37:31] monitor.py completed successfully
[2026-03-27 11:37:31] No changes detected, skipping commit
[2026-03-27 11:44:44] Starting auto-update...
Fetching usage data from ccusage...
Saved 48 days of usage data.
Generating 14-day line chart...
Generating cost matrix...
Generating tokens matrix...
Done! README.md and SVGs updated.
[2026-03-27 11:44:57] monitor.py completed successfully
[2026-03-27 11:44:57] No changes detected, skipping commit
[2026-03-27 11:47:31] Starting auto-update...
Fetching usage data from ccusage...
Saved 48 days of usage data.
Generating 14-day line chart...
Generating cost matrix...
Generating tokens matrix...
Done! README.md and SVGs updated.
[2026-03-27 11:47:45] monitor.py completed successfully
[2026-03-27 11:47:45] No changes detected, skipping commit
[2026-03-27 11:54:57] Starting auto-update...
Fetching usage data from ccusage...
Saved 48 days of usage data.
Generating 14-day line chart...
Generating cost matrix...
Generating tokens matrix...
Done! README.md and SVGs updated.
[2026-03-27 11:55:10] monitor.py completed successfully
[2026-03-27 11:55:10] No changes detected, skipping commit
[2026-03-27 11:57:45] Starting auto-update...
Fetching usage data from ccusage...
Saved 48 days of usage data.
Generating 14-day line chart...
Generating cost matrix...
Generating tokens matrix...
Done! README.md and SVGs updated.
[2026-03-27 11:57:58] monitor.py completed successfully
[2026-03-27 11:57:58] No changes detected, skipping commit
[2026-03-27 12:05:10] Starting auto-update...
Fetching usage data from ccusage...
Saved 48 days of usage data.
Generating 14-day line chart...
Generating cost matrix...
Generating tokens matrix...
Done! README.md and SVGs updated.
[2026-03-27 12:05:23] monitor.py completed successfully
[2026-03-27 12:05:24] Pushed to GitHub successfully
[2026-03-27 12:07:58] Starting auto-update...
Fetching usage data from ccusage...
Saved 48 days of usage data.
Generating 14-day line chart...
Generating cost matrix...
Generating tokens matrix...
Done! README.md and SVGs updated.
[2026-03-27 12:08:12] monitor.py completed successfully
[2026-03-27 12:08:13] Pushed to GitHub successfully
[2026-03-27 12:15:24] Starting auto-update...
Fetching usage data from ccusage...
Saved 48 days of usage data.
Generating 14-day line chart...
Generating cost matrix...
Generating tokens matrix...
Done! README.md and SVGs updated.
[2026-03-27 12:15:38] monitor.py completed successfully
[2026-03-27 12:15:39] Pushed to GitHub successfully
[2026-03-27 12:18:13] Starting auto-update...
Fetching usage data from ccusage...
Saved 48 days of usage data.
Generating 14-day line chart...
Generating cost matrix...
Generating tokens matrix...
Done! README.md and SVGs updated.
[2026-03-27 12:18:26] monitor.py completed successfully
[2026-03-27 12:18:29] Pushed to GitHub successfully
[2026-03-27 12:25:39] Starting auto-update...
Fetching usage data from ccusage...
Saved 48 days of usage data.
Generating 14-day line chart...
Generating cost matrix...
Generating tokens matrix...
Done! README.md and SVGs updated.
[2026-03-27 12:25:53] monitor.py completed successfully
[2026-03-27 12:25:54] Pushed to GitHub successfully
[2026-03-27 12:28:29] Starting auto-update...
Fetching usage data from ccusage...
Saved 48 days of usage data.
Generating 14-day line chart...
Generating cost matrix...
Generating tokens matrix...
Done! README.md and SVGs updated.
[2026-03-27 12:28:43] monitor.py completed successfully
[2026-03-27 12:28:44] Pushed to GitHub successfully
[2026-03-27 12:35:54] Starting auto-update...
Fetching usage data from ccusage...
Saved 48 days of usage data.
Generating 14-day line chart...
Generating cost matrix...
Generating tokens matrix...
Done! README.md and SVGs updated.
[2026-03-27 12:36:08] monitor.py completed successfully
[2026-03-27 12:36:09] Pushed to GitHub successfully
[2026-03-27 12:38:44] Starting auto-update...
Fetching usage data from ccusage...
Saved 48 days of usage data.
Generating 14-day line chart...
Generating cost matrix...
Generating tokens matrix...
Done! README.md and SVGs updated.
[2026-03-27 12:38:57] monitor.py completed successfully
[2026-03-27 12:38:57] No changes detected, skipping commit
[2026-03-27 12:46:09] Starting auto-update...
Fetching usage data from ccusage...
Saved 48 days of usage data.
Generating 14-day line chart...
Generating cost matrix...
Generating tokens matrix...
Done! README.md and SVGs updated.
[2026-03-27 12:46:22] monitor.py completed successfully
[2026-03-27 12:46:22] No changes detected, skipping commit
[2026-03-27 12:48:57] Starting auto-update...
Fetching usage data from ccusage...
Saved 48 days of usage data.
Generating 14-day line chart...
Generating cost matrix...
Generating tokens matrix...
Done! README.md and SVGs updated.
[2026-03-27 12:49:12] monitor.py completed successfully
[2026-03-27 12:49:12] No changes detected, skipping commit
[2026-03-27 12:56:22] Starting auto-update...
Fetching usage data from ccusage...
Saved 48 days of usage data.
Generating 14-day line chart...
Generating cost matrix...
Generating tokens matrix...
Done! README.md and SVGs updated.
[2026-03-27 12:56:35] monitor.py completed successfully
[2026-03-27 12:56:35] No changes detected, skipping commit
[2026-03-27 12:59:12] Starting auto-update...
Fetching usage data from ccusage...
Saved 48 days of usage data.
Generating 14-day line chart...
Generating cost matrix...
Generating tokens matrix...
Done! README.md and SVGs updated.
[2026-03-27 12:59:25] monitor.py completed successfully
[2026-03-27 12:59:25] No changes detected, skipping commit
[2026-03-27 13:06:36] Starting auto-update...
Fetching usage data from ccusage...
Saved 48 days of usage data.
Generating 14-day line chart...
Generating cost matrix...
Generating tokens matrix...
Done! README.md and SVGs updated.
[2026-03-27 13:06:49] monitor.py completed successfully
[2026-03-27 13:06:49] No changes detected, skipping commit
[2026-03-27 13:09:26] Starting auto-update...
Fetching usage data from ccusage...
Saved 48 days of usage data.
Generating 14-day line chart...
Generating cost matrix...
Generating tokens matrix...
Done! README.md and SVGs updated.
[2026-03-27 13:09:39] monitor.py completed successfully
[2026-03-27 13:09:39] No changes detected, skipping commit
[2026-03-27 13:16:49] Starting auto-update...
Fetching usage data from ccusage...
Saved 48 days of usage data.
Generating 14-day line chart...
Generating cost matrix...
Generating tokens matrix...
Done! README.md and SVGs updated.
[2026-03-27 13:17:03] monitor.py completed successfully
[2026-03-27 13:17:03] No changes detected, skipping commit
[2026-03-27 13:19:39] Starting auto-update...
Fetching usage data from ccusage...
Saved 48 days of usage data.
Generating 14-day line chart...
Generating cost matrix...
Generating tokens matrix...
Done! README.md and SVGs updated.
[2026-03-27 13:19:53] monitor.py completed successfully
[2026-03-27 13:19:53] No changes detected, skipping commit
[2026-03-27 13:27:03] Starting auto-update...
Fetching usage data from ccusage...
Saved 48 days of usage data.
Generating 14-day line chart...
Generating cost matrix...
Generating tokens matrix...
Done! README.md and SVGs updated.
[2026-03-27 13:27:17] monitor.py completed successfully
[2026-03-27 13:27:17] No changes detected, skipping commit
[2026-03-27 13:37:17] Starting auto-update...
Fetching usage data from ccusage...
Saved 48 days of usage data.
Generating 14-day line chart...
Generating cost matrix...
Generating tokens matrix...
Done! README.md and SVGs updated.
[2026-03-27 13:37:30] monitor.py completed successfully
[2026-03-27 13:37:31] Pushed to GitHub successfully
[2026-03-27 13:47:31] Starting auto-update...
Fetching usage data from ccusage...
Saved 48 days of usage data.
Generating 14-day line chart...
Generating cost matrix...
Generating tokens matrix...
Done! README.md and SVGs updated.
[2026-03-27 13:47:45] monitor.py completed successfully
[2026-03-27 13:47:46] Pushed to GitHub successfully
[2026-03-27 13:57:46] Starting auto-update...
Fetching usage data from ccusage...
Saved 48 days of usage data.
Generating 14-day line chart...
Generating cost matrix...
Generating tokens matrix...
Done! README.md and SVGs updated.
[2026-03-27 13:58:00] monitor.py completed successfully
[2026-03-27 13:58:01] Pushed to GitHub successfully
[2026-03-27 14:08:01] Starting auto-update...
Fetching usage data from ccusage...
Saved 48 days of usage data.
Generating 14-day line chart...
Generating cost matrix...
Generating tokens matrix...
Done! README.md and SVGs updated.
[2026-03-27 14:08:15] monitor.py completed successfully
[2026-03-27 14:08:15] Pushed to GitHub successfully
[2026-03-27 14:18:16] Starting auto-update...
Fetching usage data from ccusage...
Saved 48 days of usage data.
Generating 14-day line chart...
Generating cost matrix...
Generating tokens matrix...
Done! README.md and SVGs updated.
[2026-03-27 14:18:29] monitor.py completed successfully
[2026-03-27 14:18:30] Pushed to GitHub successfully
[2026-03-27 14:28:30] Starting auto-update...
Fetching usage data from ccusage...
Saved 48 days of usage data.
Generating 14-day line chart...
Generating cost matrix...
Generating tokens matrix...
Done! README.md and SVGs updated.
[2026-03-27 14:28:44] monitor.py completed successfully
[2026-03-27 14:28:45] Pushed to GitHub successfully
[2026-03-27 14:38:45] Starting auto-update...
Fetching usage data from ccusage...
Saved 48 days of usage data.
Generating 14-day line chart...
Generating cost matrix...
Generating tokens matrix...
Done! README.md and SVGs updated.
[2026-03-27 14:38:58] monitor.py completed successfully
[2026-03-27 14:38:59] Pushed to GitHub successfully
[2026-03-27 14:48:59] Starting auto-update...
Fetching usage data from ccusage...
Saved 48 days of usage data.
Generating 14-day line chart...
Generating cost matrix...
Generating tokens matrix...
Done! README.md and SVGs updated.
[2026-03-27 14:49:13] monitor.py completed successfully
[2026-03-27 14:49:14] Pushed to GitHub successfully
[2026-03-27 14:59:14] Starting auto-update...
Fetching usage data from ccusage...
Saved 48 days of usage data.
Generating 14-day line chart...
Generating cost matrix...
Generating tokens matrix...
Done! README.md and SVGs updated.
[2026-03-27 14:59:28] monitor.py completed successfully
[2026-03-27 14:59:28] Pushed to GitHub successfully
[2026-03-27 15:09:28] Starting auto-update...
Fetching usage data from ccusage...
Saved 48 days of usage data.
Generating 14-day line chart...
Generating cost matrix...
Generating tokens matrix...
Done! README.md and SVGs updated.
[2026-03-27 15:09:42] monitor.py completed successfully
[2026-03-27 15:09:43] Pushed to GitHub successfully
[2026-03-27 15:19:43] Starting auto-update...
Fetching usage data from ccusage...
Saved 48 days of usage data.
Generating 14-day line chart...
Generating cost matrix...
Generating tokens matrix...
Done! README.md and SVGs updated.
[2026-03-27 15:19:57] monitor.py completed successfully
[2026-03-27 15:19:57] Pushed to GitHub successfully
