Auto-loop started (PID 16195), updating every 10 minutes. Stop with: kill $(cat .loop.pid)
[master b37e441] update usage 2026-03-26 15:27
 5 files changed, 21 insertions(+), 21 deletions(-)
To https://github.com/chansigit/token-monitor.git
   17ad50e..b37e441  master -> master
[master 5e2d45e] update usage 2026-03-26 15:37
 5 files changed, 22 insertions(+), 22 deletions(-)
To https://github.com/chansigit/token-monitor.git
   b37e441..5e2d45e  master -> master
[master 0872f99] update usage 2026-03-26 15:48
 5 files changed, 30 insertions(+), 30 deletions(-)
To https://github.com/chansigit/token-monitor.git
   5e2d45e..0872f99  master -> master
[master 052fdbf] update usage 2026-03-26 15:58
 5 files changed, 40 insertions(+), 40 deletions(-)
To https://github.com/chansigit/token-monitor.git
   0872f99..052fdbf  master -> master
[master 3dbfe11] update usage 2026-03-26 16:08
 4 files changed, 25 insertions(+), 25 deletions(-)
To https://github.com/chansigit/token-monitor.git
   052fdbf..3dbfe11  master -> master
[master ce4f35f] update usage 2026-03-26 16:18
 5 files changed, 23 insertions(+), 23 deletions(-)
To https://github.com/chansigit/token-monitor.git
   3dbfe11..ce4f35f  master -> master
[master 25d2ce9] update usage 2026-03-26 16:29
 5 files changed, 21 insertions(+), 21 deletions(-)
To https://github.com/chansigit/token-monitor.git
   ce4f35f..25d2ce9  master -> master
[master 5800767] update usage 2026-03-26 16:49
 5 files changed, 21 insertions(+), 21 deletions(-)
To https://github.com/chansigit/token-monitor.git
   25d2ce9..5800767  master -> master
[master 0799bd3] update usage 2026-03-26 16:59
 5 files changed, 21 insertions(+), 21 deletions(-)
To https://github.com/chansigit/token-monitor.git
   5800767..0799bd3  master -> master
[master c5bb022] update usage 2026-03-26 17:10
 5 files changed, 21 insertions(+), 21 deletions(-)
To https://github.com/chansigit/token-monitor.git
   0799bd3..c5bb022  master -> master
[master 6e7d7da] update usage 2026-03-26 17:50
 5 files changed, 21 insertions(+), 21 deletions(-)
To https://github.com/chansigit/token-monitor.git
   c5bb022..6e7d7da  master -> master
[master f712ed8] update usage 2026-03-26 18:11
 5 files changed, 21 insertions(+), 21 deletions(-)
To https://github.com/chansigit/token-monitor.git
   6e7d7da..f712ed8  master -> master
[master b08ae3d] update usage 2026-03-26 18:42
 5 files changed, 21 insertions(+), 21 deletions(-)
To https://github.com/chansigit/token-monitor.git
   f712ed8..b08ae3d  master -> master
[master 08bc148] update usage 2026-03-26 18:52
 4 files changed, 19 insertions(+), 19 deletions(-)
To https://github.com/chansigit/token-monitor.git
   b08ae3d..08bc148  master -> master
[master a32e89e] update usage 2026-03-26 20:04
 5 files changed, 19 insertions(+), 19 deletions(-)
To https://github.com/chansigit/token-monitor.git
   08bc148..a32e89e  master -> master
[master fafa589] update usage 2026-03-26 20:14
 5 files changed, 21 insertions(+), 21 deletions(-)
To https://github.com/chansigit/token-monitor.git
   a32e89e..fafa589  master -> master
[master 6f1d5ea] update usage 2026-03-26 20:24
 5 files changed, 54 insertions(+), 54 deletions(-)
To https://github.com/chansigit/token-monitor.git
   fafa589..6f1d5ea  master -> master
[master ea767b4] update usage 2026-03-26 20:34
 5 files changed, 21 insertions(+), 21 deletions(-)
To https://github.com/chansigit/token-monitor.git
   6f1d5ea..ea767b4  master -> master
[master ec275ba] update usage 2026-03-26 20:44
 5 files changed, 21 insertions(+), 21 deletions(-)
To https://github.com/chansigit/token-monitor.git
   ea767b4..ec275ba  master -> master
[master d3b00d8] update usage 2026-03-26 22:27
 5 files changed, 20 insertions(+), 20 deletions(-)
To https://github.com/chansigit/token-monitor.git
   ec275ba..d3b00d8  master -> master
[master a517c76] update usage 2026-03-26 22:37
 3 files changed, 17 insertions(+), 17 deletions(-)
To https://github.com/chansigit/token-monitor.git
   d3b00d8..a517c76  master -> master
[master df05855] update usage 2026-03-26 22:47
 5 files changed, 20 insertions(+), 20 deletions(-)
To https://github.com/chansigit/token-monitor.git
   a517c76..df05855  master -> master
[master 3831b22] update usage 2026-03-26 22:57
 4 files changed, 15 insertions(+), 15 deletions(-)
To https://github.com/chansigit/token-monitor.git
   df05855..3831b22  master -> master
[master 8f7c12f] update usage 2026-03-26 23:49
 5 files changed, 20 insertions(+), 20 deletions(-)
To https://github.com/chansigit/token-monitor.git
   3831b22..8f7c12f  master -> master
[master f514b09] update usage 2026-03-26 23:59
 4 files changed, 15 insertions(+), 15 deletions(-)
To https://github.com/chansigit/token-monitor.git
   8f7c12f..f514b09  master -> master
[master 317acfc] update usage 2026-03-27 00:09
 3 files changed, 48 insertions(+), 48 deletions(-)
To https://github.com/chansigit/token-monitor.git
   f514b09..317acfc  master -> master
[master 99696e0] update usage 2026-03-27 00:29
 5 files changed, 36 insertions(+), 14 deletions(-)
To https://github.com/chansigit/token-monitor.git
   317acfc..99696e0  master -> master
[master 0d8a321] update usage 2026-03-27 00:40
 5 files changed, 27 insertions(+), 27 deletions(-)
To https://github.com/chansigit/token-monitor.git
   99696e0..0d8a321  master -> master
[master 3ccfb0c] update usage 2026-03-27 00:50
 5 files changed, 21 insertions(+), 21 deletions(-)
To https://github.com/chansigit/token-monitor.git
   0d8a321..3ccfb0c  master -> master
[master 21b8acc] update usage 2026-03-27 01:10
 5 files changed, 20 insertions(+), 20 deletions(-)
To https://github.com/chansigit/token-monitor.git
   3ccfb0c..21b8acc  master -> master
[master 14abaaa] update usage 2026-03-27 01:21
 5 files changed, 21 insertions(+), 21 deletions(-)
To https://github.com/chansigit/token-monitor.git
   21b8acc..14abaaa  master -> master
[master 90a2c87] update usage 2026-03-27 01:31
 5 files changed, 20 insertions(+), 20 deletions(-)
To https://github.com/chansigit/token-monitor.git
   14abaaa..90a2c87  master -> master
[master b52f002] update usage 2026-03-27 01:41
 5 files changed, 122 insertions(+), 122 deletions(-)
To https://github.com/chansigit/token-monitor.git
   58de6f9..b52f002  master -> master
[master 481b4c5] update usage 2026-03-27 01:51
 5 files changed, 21 insertions(+), 21 deletions(-)
To https://github.com/chansigit/token-monitor.git
   b52f002..481b4c5  master -> master
[master 69cc79d] update usage 2026-03-27 02:02
 5 files changed, 31 insertions(+), 22 deletions(-)
To https://github.com/chansigit/token-monitor.git
   481b4c5..69cc79d  master -> master
[master c587b83] update usage 2026-03-27 02:12
 5 files changed, 21 insertions(+), 21 deletions(-)
To https://github.com/chansigit/token-monitor.git
   69cc79d..c587b83  master -> master
[master bbf4071] update usage 2026-03-27 02:22
 5 files changed, 21 insertions(+), 21 deletions(-)
To https://github.com/chansigit/token-monitor.git
   c587b83..bbf4071  master -> master
[master 997bc6f] update usage 2026-03-27 02:32
 5 files changed, 20 insertions(+), 20 deletions(-)
To https://github.com/chansigit/token-monitor.git
   24d488e..997bc6f  master -> master
[master 0d2fd07] update usage 2026-03-27 02:43
 5 files changed, 31 insertions(+), 22 deletions(-)
To https://github.com/chansigit/token-monitor.git
   46e6f37..0d2fd07  master -> master
[master 5cfc0e0] update usage 2026-03-27 10:33
 4 files changed, 52 insertions(+), 52 deletions(-)
To https://github.com/chansigit/token-monitor.git
   0d2fd07..5cfc0e0  master -> master
[master 82223e9] update usage 2026-03-27 12:05
 5 files changed, 20 insertions(+), 20 deletions(-)
To https://github.com/chansigit/token-monitor.git
   5cfc0e0..82223e9  master -> master
[master cde368a] update usage 2026-03-27 12:15
 4 files changed, 19 insertions(+), 19 deletions(-)
To https://github.com/chansigit/token-monitor.git
   baeba4c..cde368a  master -> master
[master 09ef0a9] update usage 2026-03-27 12:25
 5 files changed, 20 insertions(+), 20 deletions(-)
To https://github.com/chansigit/token-monitor.git
   f865c79..09ef0a9  master -> master
[master 986b32b] update usage 2026-03-27 12:36
 4 files changed, 19 insertions(+), 19 deletions(-)
To https://github.com/chansigit/token-monitor.git
   56032ae..986b32b  master -> master
[master ed7469a] update usage 2026-03-27 13:37
 5 files changed, 20 insertions(+), 20 deletions(-)
To https://github.com/chansigit/token-monitor.git
   986b32b..ed7469a  master -> master
[master 66fdf69] update usage 2026-03-27 13:47
 5 files changed, 29 insertions(+), 29 deletions(-)
To https://github.com/chansigit/token-monitor.git
   ed7469a..66fdf69  master -> master
[master 4d12d1a] update usage 2026-03-27 13:58
 5 files changed, 21 insertions(+), 21 deletions(-)
To https://github.com/chansigit/token-monitor.git
   66fdf69..4d12d1a  master -> master
[master 641eb19] update usage 2026-03-27 14:08
 5 files changed, 21 insertions(+), 21 deletions(-)
To https://github.com/chansigit/token-monitor.git
   4d12d1a..641eb19  master -> master
[master f3a5d76] update usage 2026-03-27 14:18
 5 files changed, 21 insertions(+), 21 deletions(-)
To https://github.com/chansigit/token-monitor.git
   641eb19..f3a5d76  master -> master
[master 0109aeb] update usage 2026-03-27 14:28
 5 files changed, 26 insertions(+), 26 deletions(-)
To https://github.com/chansigit/token-monitor.git
   f3a5d76..0109aeb  master -> master
[master 7b64b43] update usage 2026-03-27 14:38
 5 files changed, 21 insertions(+), 21 deletions(-)
To https://github.com/chansigit/token-monitor.git
   0109aeb..7b64b43  master -> master
[master c38c05e] update usage 2026-03-27 14:49
 5 files changed, 27 insertions(+), 27 deletions(-)
To https://github.com/chansigit/token-monitor.git
   7b64b43..c38c05e  master -> master
[master a41f980] update usage 2026-03-27 14:59
 5 files changed, 22 insertions(+), 22 deletions(-)
To https://github.com/chansigit/token-monitor.git
   c38c05e..a41f980  master -> master
[master 668d6ba] update usage 2026-03-27 15:09
 4 files changed, 20 insertions(+), 20 deletions(-)
To https://github.com/chansigit/token-monitor.git
   a41f980..668d6ba  master -> master
[master 43f6c9b] update usage 2026-03-27 15:19
 5 files changed, 27 insertions(+), 27 deletions(-)
To https://github.com/chansigit/token-monitor.git
   668d6ba..43f6c9b  master -> master
[master 0ba9d25] update usage 2026-03-27 15:30
 5 files changed, 138 insertions(+), 138 deletions(-)
To https://github.com/chansigit/token-monitor.git
   d7df958..0ba9d25  master -> master
[master 3cbbf65] update usage 2026-03-27 15:40
 5 files changed, 30 insertions(+), 30 deletions(-)
To https://github.com/chansigit/token-monitor.git
   0ba9d25..3cbbf65  master -> master
[master 891726f] update usage 2026-03-27 15:50
 5 files changed, 21 insertions(+), 21 deletions(-)
To https://github.com/chansigit/token-monitor.git
   3cbbf65..891726f  master -> master
[master 526b753] update usage 2026-03-27 16:11
 4 files changed, 25 insertions(+), 25 deletions(-)
To https://github.com/chansigit/token-monitor.git
   891726f..526b753  master -> master
[master 1ba107e] update usage 2026-03-27 16:21
 3 files changed, 17 insertions(+), 17 deletions(-)
To https://github.com/chansigit/token-monitor.git
   526b753..1ba107e  master -> master
[master ddbe468] update usage 2026-03-27 16:31
 5 files changed, 27 insertions(+), 27 deletions(-)
To https://github.com/chansigit/token-monitor.git
   1ba107e..ddbe468  master -> master
[master 749d0e2] update usage 2026-03-27 16:41
 5 files changed, 48 insertions(+), 48 deletions(-)
To https://github.com/chansigit/token-monitor.git
   ddbe468..749d0e2  master -> master
[master a9a2f32] update usage 2026-03-27 16:52
 5 files changed, 21 insertions(+), 21 deletions(-)
To https://github.com/chansigit/token-monitor.git
   749d0e2..a9a2f32  master -> master
[master 2f4087a] update usage 2026-03-27 17:02
 5 files changed, 24 insertions(+), 24 deletions(-)
To https://github.com/chansigit/token-monitor.git
   6811e1c..2f4087a  master -> master
[master 912e422] update usage 2026-03-27 17:12
 5 files changed, 74 insertions(+), 74 deletions(-)
To https://github.com/chansigit/token-monitor.git
   2f4087a..912e422  master -> master
[master b58b132] update usage 2026-03-27 17:22
 5 files changed, 25 insertions(+), 25 deletions(-)
To https://github.com/chansigit/token-monitor.git
   fda0ad5..b58b132  master -> master
[master b45eda5] update usage 2026-03-27 17:33
 5 files changed, 21 insertions(+), 21 deletions(-)
To https://github.com/chansigit/token-monitor.git
   b58b132..b45eda5  master -> master
[master 14bae68] update usage 2026-03-27 17:43
 5 files changed, 21 insertions(+), 21 deletions(-)
To https://github.com/chansigit/token-monitor.git
   b45eda5..14bae68  master -> master
[master 12023c0] update usage 2026-03-27 17:53
 5 files changed, 21 insertions(+), 21 deletions(-)
To https://github.com/chansigit/token-monitor.git
   c529381..12023c0  master -> master
[master 9575e32] update usage 2026-03-27 20:37
 5 files changed, 29 insertions(+), 29 deletions(-)
To https://github.com/chansigit/token-monitor.git
   12023c0..9575e32  master -> master
[master 5c628b0] update usage 2026-03-27 20:47
 5 files changed, 46 insertions(+), 46 deletions(-)
To https://github.com/chansigit/token-monitor.git
   1f6072e..5c628b0  master -> master
[master 02ddac2] update usage 2026-03-27 20:57
 5 files changed, 21 insertions(+), 21 deletions(-)
To https://github.com/chansigit/token-monitor.git
   99ccf96..02ddac2  master -> master
[master 5485000] update usage 2026-03-27 21:07
 5 files changed, 21 insertions(+), 21 deletions(-)
To https://github.com/chansigit/token-monitor.git
   903603e..5485000  master -> master
[master 31d5c40] update usage 2026-03-27 21:18
 5 files changed, 21 insertions(+), 21 deletions(-)
To https://github.com/chansigit/token-monitor.git
   4c7b5dc..31d5c40  master -> master
[master 2019f9b] update usage 2026-03-27 21:28
 5 files changed, 21 insertions(+), 21 deletions(-)
To https://github.com/chansigit/token-monitor.git
   6a3a452..2019f9b  master -> master
[master 0720bd9] update usage 2026-03-27 21:38
 4 files changed, 19 insertions(+), 19 deletions(-)
To https://github.com/chansigit/token-monitor.git
   2019f9b..0720bd9  master -> master
[master 99b874d] update usage 2026-03-27 21:48
 4 files changed, 19 insertions(+), 19 deletions(-)
To https://github.com/chansigit/token-monitor.git
   6373e1e..99b874d  master -> master
[master 0efae4e] update usage 2026-03-27 23:51
 5 files changed, 20 insertions(+), 20 deletions(-)
To https://github.com/chansigit/token-monitor.git
   cd133f1..0efae4e  master -> master
[master 75a7474] update usage 2026-03-28 00:01
 5 files changed, 97 insertions(+), 75 deletions(-)
To https://github.com/chansigit/token-monitor.git
   7e0eddf..75a7474  master -> master
[master 5b017e0] update usage 2026-03-28 00:12
 4 files changed, 19 insertions(+), 19 deletions(-)
To https://github.com/chansigit/token-monitor.git
   c06cf61..5b017e0  master -> master
[master 66e960d] update usage 2026-03-28 00:32
 5 files changed, 24 insertions(+), 24 deletions(-)
To https://github.com/chansigit/token-monitor.git
   9c259d2..66e960d  master -> master
[master 3ecc8f5] update usage 2026-03-28 00:42
 3 files changed, 17 insertions(+), 17 deletions(-)
To https://github.com/chansigit/token-monitor.git
   7cfa1f6..3ecc8f5  master -> master
[master e1f463d] update usage 2026-03-28 01:03
 4 files changed, 19 insertions(+), 19 deletions(-)
To https://github.com/chansigit/token-monitor.git
   fd1ded2..e1f463d  master -> master
[master 9c33970] update usage 2026-03-28 01:13
 4 files changed, 24 insertions(+), 24 deletions(-)
To https://github.com/chansigit/token-monitor.git
   3afcb05..9c33970  master -> master
[master e3884fb] update usage 2026-03-28 01:23
 4 files changed, 19 insertions(+), 19 deletions(-)
To https://github.com/chansigit/token-monitor.git
   a3a457e..e3884fb  master -> master
[master 8b0a321] update usage 2026-03-28 01:54
 5 files changed, 21 insertions(+), 21 deletions(-)
To https://github.com/chansigit/token-monitor.git
   4e9f36f..8b0a321  master -> master
[master e053f83] update usage 2026-03-28 02:04
 5 files changed, 21 insertions(+), 21 deletions(-)
To https://github.com/chansigit/token-monitor.git
   8b0a321..e053f83  master -> master
[master d867684] update usage 2026-03-28 02:15
 5 files changed, 21 insertions(+), 21 deletions(-)
To https://github.com/chansigit/token-monitor.git
   e053f83..d867684  master -> master
[master 3fba08e] update usage 2026-03-28 02:25
 5 files changed, 23 insertions(+), 23 deletions(-)
To https://github.com/chansigit/token-monitor.git
   d867684..3fba08e  master -> master
